have_library: checking for socket() in -lsocket... -------------------- no

"gcc -o conftest -I. -I/home/piotr/.rvm/rubies/ruby-1.8.7-p302/lib/ruby/1.8/i686-linux -I. -I/home/piotr/.rvm/usr/include  -D_FILE_OFFSET_BITS=64  -g -O2  -fPIC   conftest.c  -L. -L/home/piotr/.rvm/rubies/ruby-1.8.7-p302/lib -Wl,-R/home/piotr/.rvm/rubies/ruby-1.8.7-p302/lib -L/home/piotr/.rvm/usr/lib -Wl,-R/home/piotr/.rvm/usr/lib -L/home/piotr/.rvm/rubies/ruby-1.8.7-p302/lib -Wl,-R/home/piotr/.rvm/rubies/ruby-1.8.7-p302/lib -L.  -rdynamic -Wl,-export-dynamic     -lruby-static -lsocket  -lrt -ldl -lcrypt -lm   -lc"
conftest.c: In function ‘t’:
conftest.c:3: error: ‘socket’ undeclared (first use in this function)
conftest.c:3: error: (Each undeclared identifier is reported only once
conftest.c:3: error: for each function it appears in.)
checked program was:
/* begin */
1: /*top*/
2: int main() { return 0; }
3: int t() { void ((*volatile p)()); p = (void ((*)()))socket; return 0; }
/* end */

"gcc -o conftest -I. -I/home/piotr/.rvm/rubies/ruby-1.8.7-p302/lib/ruby/1.8/i686-linux -I. -I/home/piotr/.rvm/usr/include  -D_FILE_OFFSET_BITS=64  -g -O2  -fPIC   conftest.c  -L. -L/home/piotr/.rvm/rubies/ruby-1.8.7-p302/lib -Wl,-R/home/piotr/.rvm/rubies/ruby-1.8.7-p302/lib -L/home/piotr/.rvm/usr/lib -Wl,-R/home/piotr/.rvm/usr/lib -L/home/piotr/.rvm/rubies/ruby-1.8.7-p302/lib -Wl,-R/home/piotr/.rvm/rubies/ruby-1.8.7-p302/lib -L.  -rdynamic -Wl,-export-dynamic     -lruby-static -lsocket  -lrt -ldl -lcrypt -lm   -lc"
/usr/bin/ld: cannot find -lsocket
collect2: ld returned 1 exit status
checked program was:
/* begin */
1: /*top*/
2: int main() { return 0; }
3: int t() { socket(); return 0; }
/* end */

--------------------

have_library: checking for gethostbyname() in -lnsl... -------------------- yes

"gcc -o conftest -I. -I/home/piotr/.rvm/rubies/ruby-1.8.7-p302/lib/ruby/1.8/i686-linux -I. -I/home/piotr/.rvm/usr/include  -D_FILE_OFFSET_BITS=64  -g -O2  -fPIC   conftest.c  -L. -L/home/piotr/.rvm/rubies/ruby-1.8.7-p302/lib -Wl,-R/home/piotr/.rvm/rubies/ruby-1.8.7-p302/lib -L/home/piotr/.rvm/usr/lib -Wl,-R/home/piotr/.rvm/usr/lib -L/home/piotr/.rvm/rubies/ruby-1.8.7-p302/lib -Wl,-R/home/piotr/.rvm/rubies/ruby-1.8.7-p302/lib -L.  -rdynamic -Wl,-export-dynamic     -lruby-static -lnsl  -lrt -ldl -lcrypt -lm   -lc"
conftest.c: In function ‘t’:
conftest.c:3: error: ‘gethostbyname’ undeclared (first use in this function)
conftest.c:3: error: (Each undeclared identifier is reported only once
conftest.c:3: error: for each function it appears in.)
checked program was:
/* begin */
1: /*top*/
2: int main() { return 0; }
3: int t() { void ((*volatile p)()); p = (void ((*)()))gethostbyname; return 0; }
/* end */

"gcc -o conftest -I. -I/home/piotr/.rvm/rubies/ruby-1.8.7-p302/lib/ruby/1.8/i686-linux -I. -I/home/piotr/.rvm/usr/include  -D_FILE_OFFSET_BITS=64  -g -O2  -fPIC   conftest.c  -L. -L/home/piotr/.rvm/rubies/ruby-1.8.7-p302/lib -Wl,-R/home/piotr/.rvm/rubies/ruby-1.8.7-p302/lib -L/home/piotr/.rvm/usr/lib -Wl,-R/home/piotr/.rvm/usr/lib -L/home/piotr/.rvm/rubies/ruby-1.8.7-p302/lib -Wl,-R/home/piotr/.rvm/rubies/ruby-1.8.7-p302/lib -L.  -rdynamic -Wl,-export-dynamic     -lruby-static -lnsl  -lrt -ldl -lcrypt -lm   -lc"
checked program was:
/* begin */
1: /*top*/
2: int main() { return 0; }
3: int t() { gethostbyname(); return 0; }
/* end */

--------------------

have_library: checking for atan() in -lm... -------------------- no

"gcc -o conftest -I. -I/home/piotr/.rvm/rubies/ruby-1.8.7-p302/lib/ruby/1.8/i686-linux -I. -I/home/piotr/.rvm/usr/include  -D_FILE_OFFSET_BITS=64  -g -O2  -fPIC   conftest.c  -L. -L/home/piotr/.rvm/rubies/ruby-1.8.7-p302/lib -Wl,-R/home/piotr/.rvm/rubies/ruby-1.8.7-p302/lib -L/home/piotr/.rvm/usr/lib -Wl,-R/home/piotr/.rvm/usr/lib -L/home/piotr/.rvm/rubies/ruby-1.8.7-p302/lib -Wl,-R/home/piotr/.rvm/rubies/ruby-1.8.7-p302/lib -L.  -rdynamic -Wl,-export-dynamic    -lnsl  -lruby-static -lm -lnsl  -lrt -ldl -lcrypt -lm   -lc"
conftest.c: In function ‘t’:
conftest.c:3: error: ‘atan’ undeclared (first use in this function)
conftest.c:3: error: (Each undeclared identifier is reported only once
conftest.c:3: error: for each function it appears in.)
checked program was:
/* begin */
1: /*top*/
2: int main() { return 0; }
3: int t() { void ((*volatile p)()); p = (void ((*)()))atan; return 0; }
/* end */

"gcc -o conftest -I. -I/home/piotr/.rvm/rubies/ruby-1.8.7-p302/lib/ruby/1.8/i686-linux -I. -I/home/piotr/.rvm/usr/include  -D_FILE_OFFSET_BITS=64  -g -O2  -fPIC   conftest.c  -L. -L/home/piotr/.rvm/rubies/ruby-1.8.7-p302/lib -Wl,-R/home/piotr/.rvm/rubies/ruby-1.8.7-p302/lib -L/home/piotr/.rvm/usr/lib -Wl,-R/home/piotr/.rvm/usr/lib -L/home/piotr/.rvm/rubies/ruby-1.8.7-p302/lib -Wl,-R/home/piotr/.rvm/rubies/ruby-1.8.7-p302/lib -L.  -rdynamic -Wl,-export-dynamic    -lnsl  -lruby-static -lm -lnsl  -lrt -ldl -lcrypt -lm   -lc"
conftest.c: In function ‘t’:
conftest.c:3: warning: incompatible implicit declaration of built-in function ‘atan’
conftest.c:3: error: too few arguments to function ‘atan’
checked program was:
/* begin */
1: /*top*/
2: int main() { return 0; }
3: int t() { atan(); return 0; }
/* end */

--------------------

have_library: checking for atan() in -lm... -------------------- yes

"gcc -o conftest -I. -I/home/piotr/.rvm/rubies/ruby-1.8.7-p302/lib/ruby/1.8/i686-linux -I. -I/home/piotr/.rvm/usr/include  -D_FILE_OFFSET_BITS=64  -g -O2  -fPIC   -fno-builtin conftest.c  -L. -L/home/piotr/.rvm/rubies/ruby-1.8.7-p302/lib -Wl,-R/home/piotr/.rvm/rubies/ruby-1.8.7-p302/lib -L/home/piotr/.rvm/usr/lib -Wl,-R/home/piotr/.rvm/usr/lib -L/home/piotr/.rvm/rubies/ruby-1.8.7-p302/lib -Wl,-R/home/piotr/.rvm/rubies/ruby-1.8.7-p302/lib -L.  -rdynamic -Wl,-export-dynamic    -lnsl  -lruby-static -lm -lnsl  -lrt -ldl -lcrypt -lm   -lc"
conftest.c: In function ‘t’:
conftest.c:3: error: ‘atan’ undeclared (first use in this function)
conftest.c:3: error: (Each undeclared identifier is reported only once
conftest.c:3: error: for each function it appears in.)
checked program was:
/* begin */
1: /*top*/
2: int main() { return 0; }
3: int t() { void ((*volatile p)()); p = (void ((*)()))atan; return 0; }
/* end */

"gcc -o conftest -I. -I/home/piotr/.rvm/rubies/ruby-1.8.7-p302/lib/ruby/1.8/i686-linux -I. -I/home/piotr/.rvm/usr/include  -D_FILE_OFFSET_BITS=64  -g -O2  -fPIC   -fno-builtin conftest.c  -L. -L/home/piotr/.rvm/rubies/ruby-1.8.7-p302/lib -Wl,-R/home/piotr/.rvm/rubies/ruby-1.8.7-p302/lib -L/home/piotr/.rvm/usr/lib -Wl,-R/home/piotr/.rvm/usr/lib -L/home/piotr/.rvm/rubies/ruby-1.8.7-p302/lib -Wl,-R/home/piotr/.rvm/rubies/ruby-1.8.7-p302/lib -L.  -rdynamic -Wl,-export-dynamic    -lnsl  -lruby-static -lm -lnsl  -lrt -ldl -lcrypt -lm   -lc"
checked program was:
/* begin */
1: /*top*/
2: int main() { return 0; }
3: int t() { atan(); return 0; }
/* end */

--------------------

have_library: checking for inflate() in -lz... -------------------- yes

"gcc -o conftest -I. -I/home/piotr/.rvm/rubies/ruby-1.8.7-p302/lib/ruby/1.8/i686-linux -I. -I/home/piotr/.rvm/usr/include  -D_FILE_OFFSET_BITS=64  -g -O2  -fPIC   conftest.c  -L. -L/home/piotr/.rvm/rubies/ruby-1.8.7-p302/lib -Wl,-R/home/piotr/.rvm/rubies/ruby-1.8.7-p302/lib -L/home/piotr/.rvm/usr/lib -Wl,-R/home/piotr/.rvm/usr/lib -L/home/piotr/.rvm/rubies/ruby-1.8.7-p302/lib -Wl,-R/home/piotr/.rvm/rubies/ruby-1.8.7-p302/lib -L.  -rdynamic -Wl,-export-dynamic    -lm -lnsl  -lruby-static -lz -lm -lnsl  -lrt -ldl -lcrypt -lm   -lc"
conftest.c: In function ‘t’:
conftest.c:3: error: ‘inflate’ undeclared (first use in this function)
conftest.c:3: error: (Each undeclared identifier is reported only once
conftest.c:3: error: for each function it appears in.)
checked program was:
/* begin */
1: /*top*/
2: int main() { return 0; }
3: int t() { void ((*volatile p)()); p = (void ((*)()))inflate; return 0; }
/* end */

"gcc -o conftest -I. -I/home/piotr/.rvm/rubies/ruby-1.8.7-p302/lib/ruby/1.8/i686-linux -I. -I/home/piotr/.rvm/usr/include  -D_FILE_OFFSET_BITS=64  -g -O2  -fPIC   conftest.c  -L. -L/home/piotr/.rvm/rubies/ruby-1.8.7-p302/lib -Wl,-R/home/piotr/.rvm/rubies/ruby-1.8.7-p302/lib -L/home/piotr/.rvm/usr/lib -Wl,-R/home/piotr/.rvm/usr/lib -L/home/piotr/.rvm/rubies/ruby-1.8.7-p302/lib -Wl,-R/home/piotr/.rvm/rubies/ruby-1.8.7-p302/lib -L.  -rdynamic -Wl,-export-dynamic    -lm -lnsl  -lruby-static -lz -lm -lnsl  -lrt -ldl -lcrypt -lm   -lc"
checked program was:
/* begin */
1: /*top*/
2: int main() { return 0; }
3: int t() { inflate(); return 0; }
/* end */

--------------------

have_library: checking for iconv_open() in -liconv... -------------------- no

"gcc -o conftest -I. -I/home/piotr/.rvm/rubies/ruby-1.8.7-p302/lib/ruby/1.8/i686-linux -I. -I/home/piotr/.rvm/usr/include  -D_FILE_OFFSET_BITS=64  -g -O2  -fPIC   conftest.c  -L. -L/home/piotr/.rvm/rubies/ruby-1.8.7-p302/lib -Wl,-R/home/piotr/.rvm/rubies/ruby-1.8.7-p302/lib -L/home/piotr/.rvm/usr/lib -Wl,-R/home/piotr/.rvm/usr/lib -L/home/piotr/.rvm/rubies/ruby-1.8.7-p302/lib -Wl,-R/home/piotr/.rvm/rubies/ruby-1.8.7-p302/lib -L.  -rdynamic -Wl,-export-dynamic    -lz -lm -lnsl  -lruby-static -liconv -lz -lm -lnsl  -lrt -ldl -lcrypt -lm   -lc"
conftest.c: In function ‘t’:
conftest.c:3: error: ‘iconv_open’ undeclared (first use in this function)
conftest.c:3: error: (Each undeclared identifier is reported only once
conftest.c:3: error: for each function it appears in.)
checked program was:
/* begin */
1: /*top*/
2: int main() { return 0; }
3: int t() { void ((*volatile p)()); p = (void ((*)()))iconv_open; return 0; }
/* end */

"gcc -o conftest -I. -I/home/piotr/.rvm/rubies/ruby-1.8.7-p302/lib/ruby/1.8/i686-linux -I. -I/home/piotr/.rvm/usr/include  -D_FILE_OFFSET_BITS=64  -g -O2  -fPIC   conftest.c  -L. -L/home/piotr/.rvm/rubies/ruby-1.8.7-p302/lib -Wl,-R/home/piotr/.rvm/rubies/ruby-1.8.7-p302/lib -L/home/piotr/.rvm/usr/lib -Wl,-R/home/piotr/.rvm/usr/lib -L/home/piotr/.rvm/rubies/ruby-1.8.7-p302/lib -Wl,-R/home/piotr/.rvm/rubies/ruby-1.8.7-p302/lib -L.  -rdynamic -Wl,-export-dynamic    -lz -lm -lnsl  -lruby-static -liconv -lz -lm -lnsl  -lrt -ldl -lcrypt -lm   -lc"
/usr/bin/ld: cannot find -liconv
collect2: ld returned 1 exit status
checked program was:
/* begin */
1: /*top*/
2: int main() { return 0; }
3: int t() { iconv_open(); return 0; }
/* end */

--------------------

have_library: checking for libiconv_open() in -liconv... -------------------- no

"gcc -o conftest -I. -I/home/piotr/.rvm/rubies/ruby-1.8.7-p302/lib/ruby/1.8/i686-linux -I. -I/home/piotr/.rvm/usr/include  -D_FILE_OFFSET_BITS=64  -g -O2  -fPIC   conftest.c  -L. -L/home/piotr/.rvm/rubies/ruby-1.8.7-p302/lib -Wl,-R/home/piotr/.rvm/rubies/ruby-1.8.7-p302/lib -L/home/piotr/.rvm/usr/lib -Wl,-R/home/piotr/.rvm/usr/lib -L/home/piotr/.rvm/rubies/ruby-1.8.7-p302/lib -Wl,-R/home/piotr/.rvm/rubies/ruby-1.8.7-p302/lib -L.  -rdynamic -Wl,-export-dynamic    -lz -lm -lnsl  -lruby-static -liconv -lz -lm -lnsl  -lrt -ldl -lcrypt -lm   -lc"
conftest.c: In function ‘t’:
conftest.c:3: error: ‘libiconv_open’ undeclared (first use in this function)
conftest.c:3: error: (Each undeclared identifier is reported only once
conftest.c:3: error: for each function it appears in.)
checked program was:
/* begin */
1: /*top*/
2: int main() { return 0; }
3: int t() { void ((*volatile p)()); p = (void ((*)()))libiconv_open; return 0; }
/* end */

"gcc -o conftest -I. -I/home/piotr/.rvm/rubies/ruby-1.8.7-p302/lib/ruby/1.8/i686-linux -I. -I/home/piotr/.rvm/usr/include  -D_FILE_OFFSET_BITS=64  -g -O2  -fPIC   conftest.c  -L. -L/home/piotr/.rvm/rubies/ruby-1.8.7-p302/lib -Wl,-R/home/piotr/.rvm/rubies/ruby-1.8.7-p302/lib -L/home/piotr/.rvm/usr/lib -Wl,-R/home/piotr/.rvm/usr/lib -L/home/piotr/.rvm/rubies/ruby-1.8.7-p302/lib -Wl,-R/home/piotr/.rvm/rubies/ruby-1.8.7-p302/lib -L.  -rdynamic -Wl,-export-dynamic    -lz -lm -lnsl  -lruby-static -liconv -lz -lm -lnsl  -lrt -ldl -lcrypt -lm   -lc"
/usr/bin/ld: cannot find -liconv
collect2: ld returned 1 exit status
checked program was:
/* begin */
1: /*top*/
2: int main() { return 0; }
3: int t() { libiconv_open(); return 0; }
/* end */

--------------------

have_library: checking for libiconv_open() in -llibiconv... -------------------- no

"gcc -o conftest -I. -I/home/piotr/.rvm/rubies/ruby-1.8.7-p302/lib/ruby/1.8/i686-linux -I. -I/home/piotr/.rvm/usr/include  -D_FILE_OFFSET_BITS=64  -g -O2  -fPIC   conftest.c  -L. -L/home/piotr/.rvm/rubies/ruby-1.8.7-p302/lib -Wl,-R/home/piotr/.rvm/rubies/ruby-1.8.7-p302/lib -L/home/piotr/.rvm/usr/lib -Wl,-R/home/piotr/.rvm/usr/lib -L/home/piotr/.rvm/rubies/ruby-1.8.7-p302/lib -Wl,-R/home/piotr/.rvm/rubies/ruby-1.8.7-p302/lib -L.  -rdynamic -Wl,-export-dynamic    -lz -lm -lnsl  -lruby-static -llibiconv -lz -lm -lnsl  -lrt -ldl -lcrypt -lm   -lc"
conftest.c: In function ‘t’:
conftest.c:3: error: ‘libiconv_open’ undeclared (first use in this function)
conftest.c:3: error: (Each undeclared identifier is reported only once
conftest.c:3: error: for each function it appears in.)
checked program was:
/* begin */
1: /*top*/
2: int main() { return 0; }
3: int t() { void ((*volatile p)()); p = (void ((*)()))libiconv_open; return 0; }
/* end */

"gcc -o conftest -I. -I/home/piotr/.rvm/rubies/ruby-1.8.7-p302/lib/ruby/1.8/i686-linux -I. -I/home/piotr/.rvm/usr/include  -D_FILE_OFFSET_BITS=64  -g -O2  -fPIC   conftest.c  -L. -L/home/piotr/.rvm/rubies/ruby-1.8.7-p302/lib -Wl,-R/home/piotr/.rvm/rubies/ruby-1.8.7-p302/lib -L/home/piotr/.rvm/usr/lib -Wl,-R/home/piotr/.rvm/usr/lib -L/home/piotr/.rvm/rubies/ruby-1.8.7-p302/lib -Wl,-R/home/piotr/.rvm/rubies/ruby-1.8.7-p302/lib -L.  -rdynamic -Wl,-export-dynamic    -lz -lm -lnsl  -lruby-static -llibiconv -lz -lm -lnsl  -lrt -ldl -lcrypt -lm   -lc"
/usr/bin/ld: cannot find -llibiconv
collect2: ld returned 1 exit status
checked program was:
/* begin */
1: /*top*/
2: int main() { return 0; }
3: int t() { libiconv_open(); return 0; }
/* end */

--------------------

have_library: checking for iconv_open() in -llibiconv... -------------------- no

"gcc -o conftest -I. -I/home/piotr/.rvm/rubies/ruby-1.8.7-p302/lib/ruby/1.8/i686-linux -I. -I/home/piotr/.rvm/usr/include  -D_FILE_OFFSET_BITS=64  -g -O2  -fPIC   conftest.c  -L. -L/home/piotr/.rvm/rubies/ruby-1.8.7-p302/lib -Wl,-R/home/piotr/.rvm/rubies/ruby-1.8.7-p302/lib -L/home/piotr/.rvm/usr/lib -Wl,-R/home/piotr/.rvm/usr/lib -L/home/piotr/.rvm/rubies/ruby-1.8.7-p302/lib -Wl,-R/home/piotr/.rvm/rubies/ruby-1.8.7-p302/lib -L.  -rdynamic -Wl,-export-dynamic    -lz -lm -lnsl  -lruby-static -llibiconv -lz -lm -lnsl  -lrt -ldl -lcrypt -lm   -lc"
conftest.c: In function ‘t’:
conftest.c:3: error: ‘iconv_open’ undeclared (first use in this function)
conftest.c:3: error: (Each undeclared identifier is reported only once
conftest.c:3: error: for each function it appears in.)
checked program was:
/* begin */
1: /*top*/
2: int main() { return 0; }
3: int t() { void ((*volatile p)()); p = (void ((*)()))iconv_open; return 0; }
/* end */

"gcc -o conftest -I. -I/home/piotr/.rvm/rubies/ruby-1.8.7-p302/lib/ruby/1.8/i686-linux -I. -I/home/piotr/.rvm/usr/include  -D_FILE_OFFSET_BITS=64  -g -O2  -fPIC   conftest.c  -L. -L/home/piotr/.rvm/rubies/ruby-1.8.7-p302/lib -Wl,-R/home/piotr/.rvm/rubies/ruby-1.8.7-p302/lib -L/home/piotr/.rvm/usr/lib -Wl,-R/home/piotr/.rvm/usr/lib -L/home/piotr/.rvm/rubies/ruby-1.8.7-p302/lib -Wl,-R/home/piotr/.rvm/rubies/ruby-1.8.7-p302/lib -L.  -rdynamic -Wl,-export-dynamic    -lz -lm -lnsl  -lruby-static -llibiconv -lz -lm -lnsl  -lrt -ldl -lcrypt -lm   -lc"
/usr/bin/ld: cannot find -llibiconv
collect2: ld returned 1 exit status
checked program was:
/* begin */
1: /*top*/
2: int main() { return 0; }
3: int t() { iconv_open(); return 0; }
/* end */

--------------------

have_library: checking for iconv_open() in -lc... -------------------- yes

"gcc -o conftest -I. -I/home/piotr/.rvm/rubies/ruby-1.8.7-p302/lib/ruby/1.8/i686-linux -I. -I/home/piotr/.rvm/usr/include  -D_FILE_OFFSET_BITS=64  -g -O2  -fPIC   conftest.c  -L. -L/home/piotr/.rvm/rubies/ruby-1.8.7-p302/lib -Wl,-R/home/piotr/.rvm/rubies/ruby-1.8.7-p302/lib -L/home/piotr/.rvm/usr/lib -Wl,-R/home/piotr/.rvm/usr/lib -L/home/piotr/.rvm/rubies/ruby-1.8.7-p302/lib -Wl,-R/home/piotr/.rvm/rubies/ruby-1.8.7-p302/lib -L.  -rdynamic -Wl,-export-dynamic    -lz -lm -lnsl  -lruby-static -lc -lz -lm -lnsl  -lrt -ldl -lcrypt -lm   -lc"
conftest.c: In function ‘t’:
conftest.c:3: error: ‘iconv_open’ undeclared (first use in this function)
conftest.c:3: error: (Each undeclared identifier is reported only once
conftest.c:3: error: for each function it appears in.)
checked program was:
/* begin */
1: /*top*/
2: int main() { return 0; }
3: int t() { void ((*volatile p)()); p = (void ((*)()))iconv_open; return 0; }
/* end */

"gcc -o conftest -I. -I/home/piotr/.rvm/rubies/ruby-1.8.7-p302/lib/ruby/1.8/i686-linux -I. -I/home/piotr/.rvm/usr/include  -D_FILE_OFFSET_BITS=64  -g -O2  -fPIC   conftest.c  -L. -L/home/piotr/.rvm/rubies/ruby-1.8.7-p302/lib -Wl,-R/home/piotr/.rvm/rubies/ruby-1.8.7-p302/lib -L/home/piotr/.rvm/usr/lib -Wl,-R/home/piotr/.rvm/usr/lib -L/home/piotr/.rvm/rubies/ruby-1.8.7-p302/lib -Wl,-R/home/piotr/.rvm/rubies/ruby-1.8.7-p302/lib -L.  -rdynamic -Wl,-export-dynamic    -lz -lm -lnsl  -lruby-static -lc -lz -lm -lnsl  -lrt -ldl -lcrypt -lm   -lc"
checked program was:
/* begin */
1: /*top*/
2: int main() { return 0; }
3: int t() { iconv_open(); return 0; }
/* end */

--------------------

have_library: checking for xmlParseDoc() in -lxml2... -------------------- yes

"gcc -o conftest -I. -I/home/piotr/.rvm/rubies/ruby-1.8.7-p302/lib/ruby/1.8/i686-linux -I. -I/home/piotr/.rvm/usr/include  -D_FILE_OFFSET_BITS=64  -g -O2  -fPIC   conftest.c  -L. -L/home/piotr/.rvm/rubies/ruby-1.8.7-p302/lib -Wl,-R/home/piotr/.rvm/rubies/ruby-1.8.7-p302/lib -L/home/piotr/.rvm/usr/lib -Wl,-R/home/piotr/.rvm/usr/lib -L/home/piotr/.rvm/rubies/ruby-1.8.7-p302/lib -Wl,-R/home/piotr/.rvm/rubies/ruby-1.8.7-p302/lib -L.  -rdynamic -Wl,-export-dynamic    -lc -lz -lm -lnsl  -lruby-static -lxml2 -lc -lz -lm -lnsl  -lrt -ldl -lcrypt -lm   -lc"
conftest.c: In function ‘t’:
conftest.c:3: error: ‘xmlParseDoc’ undeclared (first use in this function)
conftest.c:3: error: (Each undeclared identifier is reported only once
conftest.c:3: error: for each function it appears in.)
checked program was:
/* begin */
1: /*top*/
2: int main() { return 0; }
3: int t() { void ((*volatile p)()); p = (void ((*)()))xmlParseDoc; return 0; }
/* end */

"gcc -o conftest -I. -I/home/piotr/.rvm/rubies/ruby-1.8.7-p302/lib/ruby/1.8/i686-linux -I. -I/home/piotr/.rvm/usr/include  -D_FILE_OFFSET_BITS=64  -g -O2  -fPIC   conftest.c  -L. -L/home/piotr/.rvm/rubies/ruby-1.8.7-p302/lib -Wl,-R/home/piotr/.rvm/rubies/ruby-1.8.7-p302/lib -L/home/piotr/.rvm/usr/lib -Wl,-R/home/piotr/.rvm/usr/lib -L/home/piotr/.rvm/rubies/ruby-1.8.7-p302/lib -Wl,-R/home/piotr/.rvm/rubies/ruby-1.8.7-p302/lib -L.  -rdynamic -Wl,-export-dynamic    -lc -lz -lm -lnsl  -lruby-static -lxml2 -lc -lz -lm -lnsl  -lrt -ldl -lcrypt -lm   -lc"
checked program was:
/* begin */
1: /*top*/
2: int main() { return 0; }
3: int t() { xmlParseDoc(); return 0; }
/* end */

--------------------

have_header: checking for libxml/xmlversion.h... -------------------- no

"gcc -E -I. -I/home/piotr/.rvm/rubies/ruby-1.8.7-p302/lib/ruby/1.8/i686-linux -I. -I/home/piotr/.rvm/usr/include  -D_FILE_OFFSET_BITS=64  -g -O2  -fPIC    conftest.c -o conftest.i"
conftest.c:1:31: error: libxml/xmlversion.h: No such file or directory
checked program was:
/* begin */
1: #include <libxml/xmlversion.h>
/* end */

--------------------

find_header: checking for libxml/xmlversion.h in /opt/include/libxml2,/usr/local/include/libxml2,/usr/include/libxml2... -------------------- yes

"gcc -E -I. -I/home/piotr/.rvm/rubies/ruby-1.8.7-p302/lib/ruby/1.8/i686-linux -I. -I/home/piotr/.rvm/usr/include  -D_FILE_OFFSET_BITS=64  -g -O2  -fPIC    conftest.c -o conftest.i"
conftest.c:1:31: error: libxml/xmlversion.h: No such file or directory
checked program was:
/* begin */
1: #include <libxml/xmlversion.h>
/* end */

"gcc -E -I. -I/home/piotr/.rvm/rubies/ruby-1.8.7-p302/lib/ruby/1.8/i686-linux -I. -I/home/piotr/.rvm/usr/include  -D_FILE_OFFSET_BITS=64  -g -O2  -fPIC   -I/opt/include/libxml2 conftest.c -o conftest.i"
conftest.c:1:31: error: libxml/xmlversion.h: No such file or directory
checked program was:
/* begin */
1: #include <libxml/xmlversion.h>
/* end */

"gcc -E -I. -I/home/piotr/.rvm/rubies/ruby-1.8.7-p302/lib/ruby/1.8/i686-linux -I. -I/home/piotr/.rvm/usr/include  -D_FILE_OFFSET_BITS=64  -g -O2  -fPIC   -I/usr/local/include/libxml2 conftest.c -o conftest.i"
conftest.c:1:31: error: libxml/xmlversion.h: No such file or directory
checked program was:
/* begin */
1: #include <libxml/xmlversion.h>
/* end */

"gcc -E -I. -I/home/piotr/.rvm/rubies/ruby-1.8.7-p302/lib/ruby/1.8/i686-linux -I. -I/home/piotr/.rvm/usr/include  -D_FILE_OFFSET_BITS=64  -g -O2  -fPIC   -I/usr/include/libxml2 conftest.c -o conftest.i"
checked program was:
/* begin */
1: #include <libxml/xmlversion.h>
/* end */

--------------------

